1650493174357:add 3 5
1650493193795:add 3 9
1650493198696:ls
1650493360184:add -9 8
1650493647907:help
1650493662001:history
1650493668881:clear
1650493710945:ecript
1650493725049:script
1650493742906:help
1650493766823:version
1650494459179:add -3 -5
1651508076550:help
1651508085758:?
1651508094864:verion
1651508099385:version
1651508105629:history
1651508133584:add 3 2
1651509632900:help
1651510810373:find-date-time UTC
1651512683046:help
1651512783880:login --password ps --usernmae vt
1651512817851:login --password ps --username vw
1651512830233:logout
1651514033751:help
1651514050718:help logout
1651514068220:logout
1651514320734:help
1651514326304:logout
1651514356330:login --username vw --password get
1651514365954:helop
1651514375311:history
1651514915197:login --username long --password pass
1651515007322:help
1651515024317:find-date-time UTC+9
